0 info it worked if it ends with ok
1 verbose cli [ 'C:\\Program Files\\nodejs\\node.exe',
1 verbose cli   'C:\\Program Files\\nodejs\\node_modules\\npm\\bin\\npm-cli.js',
1 verbose cli   'publish' ]
2 info using npm@3.3.12
3 info using node@v5.4.1
4 verbose publish [ '.' ]
5 silly cache add args [ '.', null ]
6 verbose cache add spec .
7 silly cache add parsed spec Result {
7 silly cache add   raw: '.',
7 silly cache add   scope: null,
7 silly cache add   name: null,
7 silly cache add   rawSpec: '.',
7 silly cache add   spec: 'd:\\GitHub\\keeema\\bobrilstrap\\components\\tbody',
7 silly cache add   type: 'directory' }
8 verbose addLocalDirectory C:\Users\rutto\AppData\Roaming\npm-cache\bobrilstrap-tbody\0.0.2\package.tgz not in flight; packing
9 info lifecycle bobrilstrap-tbody@0.0.2~prepublish: bobrilstrap-tbody@0.0.2
10 silly lifecycle bobrilstrap-tbody@0.0.2~prepublish: no script for prepublish, continuing
11 verbose tar pack [ 'C:\\Users\\rutto\\AppData\\Roaming\\npm-cache\\bobrilstrap-tbody\\0.0.2\\package.tgz',
11 verbose tar pack   'd:\\GitHub\\keeema\\bobrilstrap\\components\\tbody' ]
12 verbose tarball C:\Users\rutto\AppData\Roaming\npm-cache\bobrilstrap-tbody\0.0.2\package.tgz
13 verbose folder d:\GitHub\keeema\bobrilstrap\components\tbody
14 verbose addLocalTarball adding from inside cache C:\Users\rutto\AppData\Roaming\npm-cache\bobrilstrap-tbody\0.0.2\package.tgz
15 silly cache afterAdd bobrilstrap-tbody@0.0.2
16 verbose afterAdd C:\Users\rutto\AppData\Roaming\npm-cache\bobrilstrap-tbody\0.0.2\package\package.json not in flight; writing
17 verbose afterAdd C:\Users\rutto\AppData\Roaming\npm-cache\bobrilstrap-tbody\0.0.2\package\package.json written
18 silly publish { name: 'bobrilstrap-tbody',
18 silly publish   version: '0.0.2',
18 silly publish   description: 'Table body',
18 silly publish   typescript: { main: 'index.ts' },
18 silly publish   bobril: {},
18 silly publish   author: { name: 'Tomáš Růt' },
18 silly publish   license: 'MIT',
18 silly publish   dependencies: { bobril: '*', 'bobrilstrap-element': '*' },
18 silly publish   devDependencies: {},
18 silly publish   readme: 'ERROR: No README data found!',
18 silly publish   _id: 'bobrilstrap-tbody@0.0.2',
18 silly publish   scripts: {},
18 silly publish   _shasum: '7e56e237f2806c4b1ab7a351e85485160bdb24f2',
18 silly publish   _from: '.' }
19 verbose getPublishConfig undefined
20 silly mapToRegistry name bobrilstrap-tbody
21 silly mapToRegistry using default registry
22 silly mapToRegistry registry https://registry.npmjs.org/
23 silly mapToRegistry uri https://registry.npmjs.org/bobrilstrap-tbody
24 verbose publish registryBase https://registry.npmjs.org/
25 silly publish uploading C:\Users\rutto\AppData\Roaming\npm-cache\bobrilstrap-tbody\0.0.2\package.tgz
26 verbose request uri https://registry.npmjs.org/bobrilstrap-tbody
27 verbose request sending authorization for write operation
28 info attempt registry request try #1 at 21:39:48
29 verbose request using bearer token for auth
30 verbose request id 84e9d41f1e9f9be0
31 http request PUT https://registry.npmjs.org/bobrilstrap-tbody
32 http 403 https://registry.npmjs.org/bobrilstrap-tbody
33 verbose headers { 'content-type': 'application/json',
33 verbose headers   'cache-control': 'max-age=300',
33 verbose headers   'content-length': '95',
33 verbose headers   'accept-ranges': 'bytes',
33 verbose headers   date: 'Wed, 20 Jan 2016 20:39:47 GMT',
33 verbose headers   via: '1.1 varnish',
33 verbose headers   connection: 'keep-alive',
33 verbose headers   'x-served-by': 'cache-fra1232-FRA',
33 verbose headers   'x-cache': 'MISS',
33 verbose headers   'x-cache-hits': '0',
33 verbose headers   'x-timer': 'S1453322386.084603,VS0,VE1078' }
34 verbose request invalidating C:\Users\rutto\AppData\Roaming\npm-cache\registry.npmjs.org\bobrilstrap-tbody on PUT
35 error publish Failed PUT 403
36 verbose stack Error: "You cannot publish over the previously published version 0.0.2." : bobrilstrap-tbody
36 verbose stack     at makeError (C:\Program Files\nodejs\node_modules\npm\node_modules\npm-registry-client\lib\request.js:264:12)
36 verbose stack     at CachingRegistryClient.<anonymous> (C:\Program Files\nodejs\node_modules\npm\node_modules\npm-registry-client\lib\request.js:252:14)
36 verbose stack     at Request._callback (C:\Program Files\nodejs\node_modules\npm\node_modules\npm-registry-client\lib\request.js:172:14)
36 verbose stack     at Request.self.callback (C:\Program Files\nodejs\node_modules\npm\node_modules\request\request.js:198:22)
36 verbose stack     at emitTwo (events.js:87:13)
36 verbose stack     at Request.emit (events.js:172:7)
36 verbose stack     at Request.<anonymous> (C:\Program Files\nodejs\node_modules\npm\node_modules\request\request.js:1082:10)
36 verbose stack     at emitOne (events.js:82:20)
36 verbose stack     at Request.emit (events.js:169:7)
36 verbose stack     at IncomingMessage.<anonymous> (C:\Program Files\nodejs\node_modules\npm\node_modules\request\request.js:1009:12)
37 verbose statusCode 403
38 verbose pkgid bobrilstrap-tbody
39 verbose cwd d:\GitHub\keeema\bobrilstrap\components\tbody
40 error Windows_NT 10.0.10586
41 error argv "C:\\Program Files\\nodejs\\node.exe" "C:\\Program Files\\nodejs\\node_modules\\npm\\bin\\npm-cli.js" "publish"
42 error node v5.4.1
43 error npm  v3.3.12
44 error code E403
45 error "You cannot publish over the previously published version 0.0.2." : bobrilstrap-tbody
46 error If you need help, you may report this error at:
46 error     <https://github.com/npm/npm/issues>
47 verbose exit [ 1, true ]
